<?xml version="1.0" encoding="UTF-8"?>
<!-- Generated by org.testng.reporters.JUnitReportReporter -->
<testsuite skipped="0" hostname="EVT02097NB" name="org.springframework.samples.petclinic.PetClinicTestRunner" tests="1" failures="0" timestamp="10 Kas 2021 10:34:05 GMT" time="8.193" errors="0">
  <testcase name="runScenario" time="8.193" classname="org.springframework.samples.petclinic.PetClinicTestRunner"/>
</testsuite> <!-- org.springframework.samples.petclinic.PetClinicTestRunner -->
